<?xml version="1.0" encoding="UTF-8"?>
<testsuite name="com.back.CalcTest" tests="27" skipped="0" failures="0" errors="0" timestamp="2026-05-06T06:36:50.311Z" hostname="Macui-MacBookPro.local" time="0.072">
  <properties/>
  <testcase name="1 + 1 == 2" classname="com.back.CalcTest" time="0.041"/>
  <testcase name="2 + 2 == 4" classname="com.back.CalcTest" time="0.004"/>
  <testcase name="1000 + 280 == 1280" classname="com.back.CalcTest" time="0.0"/>
  <testcase name="2 - 1 == 1" classname="com.back.CalcTest" time="0.001"/>
  <testcase name="3 - 1 == 2" classname="com.back.CalcTest" time="0.0"/>
  <testcase name="100 - 20 == 80" classname="com.back.CalcTest" time="0.001"/>
  <testcase name="10 + 20 + 30 == 60" classname="com.back.CalcTest" time="0.001"/>
  <testcase name="10 - 20 + 30 == 20" classname="com.back.CalcTest" time="0.001"/>
  <testcase name="10 - 10 - 10 - 10 == -20" classname="com.back.CalcTest" time="0.0"/>
  <testcase name="10 - 10 - 10 - 10 + 10 + 10 - 10 == -10" classname="com.back.CalcTest" time="0.001"/>
  <testcase name="10 * 10 == 100" classname="com.back.CalcTest" time="0.0"/>
  <testcase name="10 * -10 == -100" classname="com.back.CalcTest" time="0.001"/>
  <testcase name="10 * 10 * 10 == 1000" classname="com.back.CalcTest" time="0.0"/>
  <testcase name="10 + 5 * 2 == 20" classname="com.back.CalcTest" time="0.001"/>
  <testcase name="20 + 10 + 5 * 2 == 40" classname="com.back.CalcTest" time="0.0"/>
  <testcase name="10 * 20 + 10 + 5 * 2 == 220" classname="com.back.CalcTest" time="0.001"/>
  <testcase name="(10 + 20) == 30" classname="com.back.CalcTest" time="0.001"/>
  <testcase name="((10 + 20)) == 30" classname="com.back.CalcTest" time="0.001"/>
  <testcase name="(((10 + 20))) == 30" classname="com.back.CalcTest" time="0.001"/>
  <testcase name="(20 + 20) + 20 == 60" classname="com.back.CalcTest" time="0.001"/>
  <testcase name="((20 + 20)) + 20 == 60" classname="com.back.CalcTest" time="0.001"/>
  <testcase name="(10 + 20) * 3 == 90" classname="com.back.CalcTest" time="0.0"/>
  <testcase name="10 + (10 + 5) == 25" classname="com.back.CalcTest" time="0.0"/>
  <testcase name="-(10 + 5) == -15" classname="com.back.CalcTest" time="0.0"/>
  <testcase name="-(8 + 2) * -(7 + 3) + 5 == 105" classname="com.back.CalcTest" time="0.001"/>
  <testcase name="5 - (1 + 5) == -1" classname="com.back.CalcTest" time="0.0"/>
  <testcase name="3 * 1 + (1 - (4 * 1 - (1 - 1))) == 0" classname="com.back.CalcTest" time="0.001"/>
  <system-out><![CDATA[]]></system-out>
  <system-err><![CDATA[]]></system-err>
</testsuite>
