<?xml version="1.0" encoding="UTF-8"?>
<testsuite name="com.back.CalcTest" tests="13" skipped="0" failures="0" errors="0" timestamp="2026-05-05T12:56:40.548Z" hostname="Macui-MacBookPro.local" time="0.054">
  <properties/>
  <testcase name="1 + 1 == 2" classname="com.back.CalcTest" time="0.034"/>
  <testcase name="2 + 2 == 4" classname="com.back.CalcTest" time="0.004"/>
  <testcase name="1000 + 280 == 1280" classname="com.back.CalcTest" time="0.0"/>
  <testcase name="2 - 1 == 1" classname="com.back.CalcTest" time="0.001"/>
  <testcase name="3 - 1 == 2" classname="com.back.CalcTest" time="0.0"/>
  <testcase name="100 - 20 == 80" classname="com.back.CalcTest" time="0.0"/>
  <testcase name="10 + 20 + 30 == 60" classname="com.back.CalcTest" time="0.001"/>
  <testcase name="10 - 20 + 30 == 20" classname="com.back.CalcTest" time="0.0"/>
  <testcase name="10 - 10 - 10 - 10 == -20" classname="com.back.CalcTest" time="0.001"/>
  <testcase name="10 - 10 - 10 - 10 + 10 + 10 - 10 == -10" classname="com.back.CalcTest" time="0.001"/>
  <testcase name="10 * 10 == 100" classname="com.back.CalcTest" time="0.0"/>
  <testcase name="10 * -10 == -100" classname="com.back.CalcTest" time="0.001"/>
  <testcase name="10 * 10 * 10 == 1000" classname="com.back.CalcTest" time="0.001"/>
  <system-out><![CDATA[]]></system-out>
  <system-err><![CDATA[]]></system-err>
</testsuite>
